#
# There is insufficient memory for the Java Runtime Environment to continue.
# Native memory allocation (malloc) failed to allocate 1048176 bytes for Chunk::new
# Possible reasons:
#   The system is out of physical RAM or swap space
#   The process is running with CompressedOops enabled, and the Java Heap may be blocking the growth of the native heap
# Possible solutions:
#   Reduce memory load on the system
#   Increase physical memory or swap space
#   Check if swap backing store is full
#   Decrease Java heap size (-Xmx/-Xms)
#   Decrease number of Java threads
#   Decrease Java thread stack sizes (-Xss)
#   Set larger code cache with -XX:ReservedCodeCacheSize=
#   JVM is running with Unscaled Compressed Oops mode in which the Java heap is
#     placed in the first 4GB address space. The Java Heap base address is the
#     maximum limit for the native heap growth. Please use -XX:HeapBaseMinAddress
#     to set the Java Heap base and to place the Java Heap above 4GB virtual address.
# This output file may be truncated or incomplete.
#
#  Out of Memory Error (allocation.cpp:389), pid=41912, tid=0x000000000000a058
#
# JRE version: OpenJDK Runtime Environment (8.0_242-b01) (build 1.8.0_242-release-1644-b01)
# Java VM: OpenJDK 64-Bit Server VM (25.242-b01 mixed mode windows-amd64 compressed oops)
# Failed to write core dump. Minidumps are not enabled by default on client versions of Windows
#

---------------  T H R E A D  ---------------

Current thread (0x0000000017490800):  JavaThread "C2 CompilerThread0" daemon [_thread_in_native, id=41048, stack(0x00000000184c0000,0x00000000185c0000)]

Stack: [0x00000000184c0000,0x00000000185c0000]
[error occurred during error reporting (printing stack bounds), id 0xc0000005]

Native frames: (J=compiled Java code, j=interpreted, Vv=VM code, C=native code)


Current CompileTask:
C2:4052688 26232       4       com.android.tools.r8.ir.conversion.o::a (1153 bytes)


---------------  P R O C E S S  ---------------

Java Threads: ( => current thread )
  0x0000000026b7d000 JavaThread "Cache worker for Java compile cache (C:\Users\ELCOT\AndroidStudioProjects\PhotoVault\.gradle\6.5\javaCompile)" [_thread_blocked, id=53752, stack(0x00000000651b0000,0x00000000652b0000)]
  0x0000000026b84000 JavaThread "Cache worker for Java compile cache (C:\Users\ELCOT\.gradle\caches\6.5\javaCompile)" [_thread_blocked, id=53748, stack(0x00000000650b0000,0x00000000651b0000)]
  0x0000000026b7b800 JavaThread "WorkerExecutor Queue Thread 3" [_thread_blocked, id=52996, stack(0x0000000064fb0000,0x00000000650b0000)]
  0x0000000026b81000 JavaThread "stdout" [_thread_in_native, id=52820, stack(0x0000000064eb0000,0x0000000064fb0000)]
  0x0000000026b79800 JavaThread "stderr" [_thread_in_native, id=52832, stack(0x0000000064db0000,0x0000000064eb0000)]
  0x0000000026b7e000 JavaThread "stdout" [_thread_in_native, id=52560, stack(0x0000000064cb0000,0x0000000064db0000)]
  0x0000000026b80000 JavaThread "stderr" [_thread_in_native, id=52868, stack(0x0000000064bb0000,0x0000000064cb0000)]
  0x0000000026b7e800 JavaThread "pool-22-thread-1" [_thread_blocked, id=52272, stack(0x0000000064ab0000,0x0000000064bb0000)]
  0x0000000026b83000 JavaThread "WorkerExecutor Queue" [_thread_blocked, id=53240, stack(0x00000000648b0000,0x00000000649b0000)]
  0x0000000026b81800 JavaThread "Cache worker for execution history cache (C:\Users\ELCOT\AndroidStudioProjects\PhotoVault\.gradle\6.5\executionHistory)" [_thread_blocked, id=52544, stack(0x00000000647b0000,0x00000000648b0000)]
  0x0000000026b82800 JavaThread "Execution worker for ':'" [_thread_blocked, id=52460, stack(0x00000000646b0000,0x00000000647b0000)]
  0x0000000026b78800 JavaThread "Cache worker for file content cache (C:\Users\ELCOT\AndroidStudioProjects\PhotoVault\.gradle\6.5\fileContent)" [_thread_blocked, id=52664, stack(0x00000000645b0000,0x00000000646b0000)]
  0x0000000026b7f800 JavaThread "Cache worker for Build Output Cleanup Cache (C:\Users\ELCOT\AndroidStudioProjects\PhotoVault\.gradle\buildOutputCleanup)" [_thread_blocked, id=52328, stack(0x00000000644b0000,0x00000000645b0000)]
  0x000000001d10c800 JavaThread "Build operations Thread 2" [_thread_in_Java, id=52712, stack(0x000000005db70000,0x000000005dc70000)]
  0x000000001d10c000 JavaThread "Build operations" [_thread_blocked, id=52708, stack(0x000000005da70000,0x000000005db70000)]
  0x000000001d104800 JavaThread "Cache worker for cache directory md-rule (C:\Users\ELCOT\.gradle\caches\6.5\md-rule)" [_thread_blocked, id=52564, stack(0x000000005d970000,0x000000005da70000)]
  0x000000001d105000 JavaThread "Cache worker for cache directory md-supplier (C:\Users\ELCOT\.gradle\caches\6.5\md-supplier)" [_thread_blocked, id=52528, stack(0x000000005d870000,0x000000005d970000)]
  0x000000001d10a800 JavaThread "Cache worker for checksums cache (C:\Users\ELCOT\AndroidStudioProjects\PhotoVault\.gradle\checksums)" [_thread_blocked, id=52524, stack(0x000000005d770000,0x000000005d870000)]
  0x000000001d10b000 JavaThread "Cache worker for file hash cache (C:\Users\ELCOT\AndroidStudioProjects\PhotoVault\.gradle\6.5\fileHashes)" [_thread_blocked, id=52420, stack(0x000000005d670000,0x000000005d770000)]
  0x000000001d107800 JavaThread "Thread-908" [_thread_blocked, id=52416, stack(0x000000005d570000,0x000000005d670000)]
  0x000000001d109800 JavaThread "Asynchronous log dispatcher for DefaultDaemonConnection: socket connection from /127.0.0.1:50054 to /127.0.0.1:50211" [_thread_blocked, id=52404, stack(0x000000005d370000,0x000000005d470000)]
  0x000000001d108000 JavaThread "Daemon worker Thread 8" [_thread_in_Java, id=52364, stack(0x000000005d270000,0x000000005d370000)]
  0x000000001d106800 JavaThread "Cancel handler" [_thread_blocked, id=52344, stack(0x000000005d170000,0x000000005d270000)]
  0x000000001d103800 JavaThread "Handler for socket connection from /127.0.0.1:50054 to /127.0.0.1:50211" [_thread_in_native, id=50728, stack(0x000000005d070000,0x000000005d170000)]
  0x000000001d109000 JavaThread "Daemon Thread 8" [_thread_blocked, id=49332, stack(0x000000005cf70000,0x000000005d070000)]
  0x00000000195a6000 JavaThread "Memory manager" [_thread_blocked, id=41576, stack(0x00000000282a0000,0x00000000283a0000)]
  0x000000001bdb3000 JavaThread "Cache worker for file content cache (C:\Users\ELCOT\.gradle\caches\6.5\fileContent)" [_thread_blocked, id=41220, stack(0x00000000208b0000,0x00000000209b0000)]
  0x000000001bdb0000 JavaThread "Cache worker for execution history cache (C:\Users\ELCOT\.gradle\caches\6.5\executionHistory)" [_thread_blocked, id=39340, stack(0x00000000203b0000,0x00000000204b0000)]
  0x0000000018a62000 JavaThread "Cache worker for file hash cache (C:\Users\ELCOT\.gradle\caches\6.5\fileHashes)" [_thread_blocked, id=41504, stack(0x000000001cce0000,0x000000001cde0000)]
  0x0000000018a64800 JavaThread "File lock request listener" [_thread_in_native, id=41516, stack(0x000000001cbe0000,0x000000001cce0000)]
  0x0000000019376000 JavaThread "Cache worker for journal cache (C:\Users\ELCOT\.gradle\caches\journal-1)" [_thread_blocked, id=41512, stack(0x000000001cae0000,0x000000001cbe0000)]
  0x00000000192bd000 JavaThread "Daemon periodic checks" [_thread_blocked, id=39756, stack(0x000000001b310000,0x000000001b410000)]
  0x0000000019a4d800 JavaThread "Incoming local TCP Connector on port 50054" [_thread_in_native, id=41352, stack(0x000000001acd0000,0x000000001add0000)]
  0x000000001a2c2000 JavaThread "Daemon health stats" [_thread_blocked, id=41264, stack(0x000000001a690000,0x000000001a790000)]
  0x00000000174f3000 JavaThread "Service Thread" daemon [_thread_blocked, id=40712, stack(0x00000000186c0000,0x00000000187c0000)]
  0x00000000174e6800 JavaThread "C1 CompilerThread1" daemon [_thread_blocked, id=41040, stack(0x00000000185c0000,0x00000000186c0000)]
=>0x0000000017490800 JavaThread "C2 CompilerThread0" daemon [_thread_in_native, id=41048, stack(0x00000000184c0000,0x00000000185c0000)]
  0x000000001748f000 JavaThread "Attach Listener" daemon [_thread_blocked, id=41060, stack(0x00000000183c0000,0x00000000184c0000)]
  0x000000001748c000 JavaThread "Signal Dispatcher" daemon [_thread_blocked, id=41056, stack(0x00000000182c0000,0x00000000183c0000)]
  0x0000000002aa7800 JavaThread "Finalizer" daemon [_thread_blocked, id=41052, stack(0x00000000180c0000,0x00000000181c0000)]
  0x0000000017477000 JavaThread "Reference Handler" daemon [_thread_blocked, id=41072, stack(0x0000000017fc0000,0x00000000180c0000)]
  0x00000000029ad800 JavaThread "main" [_thread_blocked, id=40992, stack(0x00000000027b0000,0x00000000028b0000)]

Other Threads:
  0x0000000017455800 VMThread [stack: 0x0000000017ec0000,0x0000000017fc0000] [id=41076]
  0x00000000174e9000 WatcherThread [stack: 0x00000000187c0000,0x00000000188c0000] [id=39692]

VM state:not at safepoint (normal execution)

VM Mutex/Monitor currently owned by a thread: None

heap address: 0x0000000080000000, size: 2048 MB, Compressed Oops mode: 32-bit
Narrow klass base: 0x0000000000000000, Narrow klass shift: 3
Compressed class space size: 1073741824 Address: 0x0000000100000000

Heap:
 PSYoungGen      total 655872K, used 628257K [0x00000000d5580000, 0x00000000ffd00000, 0x0000000100000000)
  eden space 614912K, 98% used [0x00000000d5580000,0x00000000fa6c6cd0,0x00000000fae00000)
  from space 40960K, 50% used [0x00000000fd500000,0x00000000fe941880,0x00000000ffd00000)
  to   space 39936K, 0% used [0x00000000fae00000,0x00000000fae00000,0x00000000fd500000)
 ParOldGen       total 151040K, used 111256K [0x0000000080000000, 0x0000000089380000, 0x00000000d5580000)
  object space 151040K, 73% used [0x0000000080000000,0x0000000086ca6040,0x0000000089380000)
 Metaspace       used 138087K, capacity 146416K, committed 146520K, reserved 1175552K
  class space    used 17851K, capacity 19541K, committed 19584K, reserved 1048576K

Card table byte_map: [0x0000000011e70000,0x0000000012280000] byte_map_base: 0x0000000011a70000

Marking Bits: (ParMarkBitMap*) 0x000000005eb2f030
 Begin Bits: [0x0000000012730000, 0x0000000014730000)
 End Bits:   [0x0000000014730000, 0x0000000016730000)

Polling page: 0x0000000000b00000

CodeCache: size=245760Kb used=73850Kb max_used=74058Kb free=171909Kb
 bounds [0x0000000002ab0000, 0x0000000007360000, 0x0000000011ab0000]
 total_blobs=21518 nmethods=20580 adapters=850
 compilation: enabled

Compilation events (10 events):
Event: 4050.646 Thread 0x00000000174e6800 26261       1       com.android.tools.r8.s.b.k::I2 (3 bytes)
Event: 4050.647 Thread 0x00000000174e6800 nmethod 26261 0x0000000003140550 code [0x00000000031406a0, 0x00000000031407b0]
Event: 4050.647 Thread 0x00000000174e6800 26262       1       com.android.tools.r8.s.b.k::N0 (2 bytes)
Event: 4050.648 Thread 0x00000000174e6800 nmethod 26262 0x000000000569f050 code [0x000000000569f1a0, 0x000000000569f2b0]
Event: 4050.648 Thread 0x00000000174e6800 26263       1       com.android.tools.r8.s.b.k::b1 (2 bytes)
Event: 4050.648 Thread 0x00000000174e6800 nmethod 26263 0x000000000569ed90 code [0x000000000569eee0, 0x000000000569eff0]
Event: 4050.649 Thread 0x00000000174e6800 26264       1       com.android.tools.r8.s.b.k::H2 (3 bytes)
Event: 4050.649 Thread 0x00000000174e6800 nmethod 26264 0x000000000569ead0 code [0x000000000569ec20, 0x000000000569ed30]
Event: 4050.649 Thread 0x00000000174e6800 26265       1       com.android.tools.r8.s.b.k::G2 (3 bytes)
Event: 4050.649 Thread 0x00000000174e6800 nmethod 26265 0x000000000569e810 code [0x000000000569e960, 0x000000000569ea70]

GC Heap History (10 events):
Event: 1475.315 GC heap before
{Heap before GC invocations=33 (full 5):
 PSYoungGen      total 415232K, used 371712K [0x00000000d5580000, 0x00000000f5980000, 0x0000000100000000)
  eden space 371712K, 100% used [0x00000000d5580000,0x00000000ec080000,0x00000000ec080000)
  from space 43520K, 0% used [0x00000000ec080000,0x00000000ec080000,0x00000000eeb00000)
  to   space 43008K, 0% used [0x00000000f2f80000,0x00000000f2f80000,0x00000000f5980000)
 ParOldGen       total 151040K, used 77703K [0x0000000080000000, 0x0000000089380000, 0x00000000d5580000)
  object space 151040K, 51% used [0x0000000080000000,0x0000000084be1cb8,0x0000000089380000)
 Metaspace       used 115770K, capacity 121784K, committed 122072K, reserved 1155072K
  class space    used 15002K, capacity 16264K, committed 16384K, reserved 1048576K
Event: 1477.211 GC heap after
Heap after GC invocations=33 (full 5):
 PSYoungGen      total 482304K, used 8943K [0x00000000d5580000, 0x00000000f5700000, 0x0000000100000000)
  eden space 441856K, 0% used [0x00000000d5580000,0x00000000d5580000,0x00000000f0500000)
  from space 40448K, 22% used [0x00000000f2f80000,0x00000000f383bc50,0x00000000f5700000)
  to   space 41984K, 0% used [0x00000000f0500000,0x00000000f0500000,0x00000000f2e00000)
 ParOldGen       total 151040K, used 77711K [0x0000000080000000, 0x0000000089380000, 0x00000000d5580000)
  object space 151040K, 51% used [0x0000000080000000,0x0000000084be3cb8,0x0000000089380000)
 Metaspace       used 115770K, capacity 121784K, committed 122072K, reserved 1155072K
  class space    used 15002K, capacity 16264K, committed 16384K, reserved 1048576K
}
Event: 3644.716 GC heap before
{Heap before GC invocations=34 (full 5):
 PSYoungGen      total 482304K, used 450799K [0x00000000d5580000, 0x00000000f5700000, 0x0000000100000000)
  eden space 441856K, 100% used [0x00000000d5580000,0x00000000f0500000,0x00000000f0500000)
  from space 40448K, 22% used [0x00000000f2f80000,0x00000000f383bc50,0x00000000f5700000)
  to   space 41984K, 0% used [0x00000000f0500000,0x00000000f0500000,0x00000000f2e00000)
 ParOldGen       total 151040K, used 77711K [0x0000000080000000, 0x0000000089380000, 0x00000000d5580000)
  object space 151040K, 51% used [0x0000000080000000,0x0000000084be3cb8,0x0000000089380000)
 Metaspace       used 117893K, capacity 125128K, committed 125400K, reserved 1157120K
  class space    used 15347K, capacity 16836K, committed 16896K, reserved 1048576K
Event: 3681.282 GC heap after
Heap after GC invocations=34 (full 5):
 PSYoungGen      total 483840K, used 26669K [0x00000000d5580000, 0x00000000fa700000, 0x0000000100000000)
  eden space 441856K, 0% used [0x00000000d5580000,0x00000000d5580000,0x00000000f0500000)
  from space 41984K, 63% used [0x00000000f0500000,0x00000000f1f0b498,0x00000000f2e00000)
  to   space 43008K, 0% used [0x00000000f7d00000,0x00000000f7d00000,0x00000000fa700000)
 ParOldGen       total 151040K, used 77719K [0x0000000080000000, 0x0000000089380000, 0x00000000d5580000)
  object space 151040K, 51% used [0x0000000080000000,0x0000000084be5cb8,0x0000000089380000)
 Metaspace       used 117893K, capacity 125128K, committed 125400K, reserved 1157120K
  class space    used 15347K, capacity 16836K, committed 16896K, reserved 1048576K
}
Event: 3871.929 GC heap before
{Heap before GC invocations=35 (full 5):
 PSYoungGen      total 483840K, used 468525K [0x00000000d5580000, 0x00000000fa700000, 0x0000000100000000)
  eden space 441856K, 100% used [0x00000000d5580000,0x00000000f0500000,0x00000000f0500000)
  from space 41984K, 63% used [0x00000000f0500000,0x00000000f1f0b498,0x00000000f2e00000)
  to   space 43008K, 0% used [0x00000000f7d00000,0x00000000f7d00000,0x00000000fa700000)
 ParOldGen       total 151040K, used 77719K [0x0000000080000000, 0x0000000089380000, 0x00000000d5580000)
  object space 151040K, 51% used [0x0000000080000000,0x0000000084be5cb8,0x0000000089380000)
 Metaspace       used 123219K, capacity 130572K, committed 130904K, reserved 1163264K
  class space    used 15970K, capacity 17496K, committed 17536K, reserved 1048576K
Event: 3883.600 GC heap after
Heap after GC invocations=35 (full 5):
 PSYoungGen      total 565760K, used 10694K [0x00000000d5580000, 0x00000000fad80000, 0x0000000100000000)
  eden space 522752K, 0% used [0x00000000d5580000,0x00000000d5580000,0x00000000f5400000)
  from space 43008K, 24% used [0x00000000f7d00000,0x00000000f87719c8,0x00000000fa700000)
  to   space 41984K, 0% used [0x00000000f5400000,0x00000000f5400000,0x00000000f7d00000)
 ParOldGen       total 151040K, used 102161K [0x0000000080000000, 0x0000000089380000, 0x00000000d5580000)
  object space 151040K, 67% used [0x0000000080000000,0x00000000863c47d8,0x0000000089380000)
 Metaspace       used 123219K, capacity 130572K, committed 130904K, reserved 1163264K
  class space    used 15970K, capacity 17496K, committed 17536K, reserved 1048576K
}
Event: 3986.632 GC heap before
{Heap before GC invocations=36 (full 5):
 PSYoungGen      total 565760K, used 533446K [0x00000000d5580000, 0x00000000fad80000, 0x0000000100000000)
  eden space 522752K, 100% used [0x00000000d5580000,0x00000000f5400000,0x00000000f5400000)
  from space 43008K, 24% used [0x00000000f7d00000,0x00000000f87719c8,0x00000000fa700000)
  to   space 41984K, 0% used [0x00000000f5400000,0x00000000f5400000,0x00000000f7d00000)
 ParOldGen       total 151040K, used 102161K [0x0000000080000000, 0x0000000089380000, 0x00000000d5580000)
  object space 151040K, 67% used [0x0000000080000000,0x00000000863c47d8,0x0000000089380000)
 Metaspace       used 125540K, capacity 133144K, committed 133336K, reserved 1165312K
  class space    used 16253K, capacity 17820K, committed 17920K, reserved 1048576K
Event: 3991.904 GC heap after
Heap after GC invocations=36 (full 5):
 PSYoungGen      total 564736K, used 7467K [0x00000000d5580000, 0x00000000ffd00000, 0x0000000100000000)
  eden space 522752K, 0% used [0x00000000d5580000,0x00000000d5580000,0x00000000f5400000)
  from space 41984K, 17% used [0x00000000f5400000,0x00000000f5b4ac18,0x00000000f7d00000)
  to   space 40960K, 0% used [0x00000000fd500000,0x00000000fd500000,0x00000000ffd00000)
 ParOldGen       total 151040K, used 107670K [0x0000000080000000, 0x0000000089380000, 0x00000000d5580000)
  object space 151040K, 71% used [0x0000000080000000,0x00000000869259d0,0x0000000089380000)
 Metaspace       used 125540K, capacity 133144K, committed 133336K, reserved 1165312K
  class space    used 16253K, capacity 17820K, committed 17920K, reserved 1048576K
}
Event: 4022.889 GC heap before
{Heap before GC invocations=37 (full 5):
 PSYoungGen      total 564736K, used 530219K [0x00000000d5580000, 0x00000000ffd00000, 0x0000000100000000)
  eden space 522752K, 100% used [0x00000000d5580000,0x00000000f5400000,0x00000000f5400000)
  from space 41984K, 17% used [0x00000000f5400000,0x00000000f5b4ac18,0x00000000f7d00000)
  to   space 40960K, 0% used [0x00000000fd500000,0x00000000fd500000,0x00000000ffd00000)
 ParOldGen       total 151040K, used 107674K [0x0000000080000000, 0x0000000089380000, 0x00000000d5580000)
  object space 151040K, 71% used [0x0000000080000000,0x00000000869269e0,0x0000000089380000)
 Metaspace       used 130855K, capacity 138518K, committed 138840K, reserved 1169408K
  class space    used 16917K, capacity 18488K, committed 18560K, reserved 1048576K
Event: 4023.212 GC heap after
Heap after GC invocations=37 (full 5):
 PSYoungGen      total 655872K, used 20742K [0x00000000d5580000, 0x00000000ffd00000, 0x0000000100000000)
  eden space 614912K, 0% used [0x00000000d5580000,0x00000000d5580000,0x00000000fae00000)
  from space 40960K, 50% used [0x00000000fd500000,0x00000000fe941880,0x00000000ffd00000)
  to   space 39936K, 0% used [0x00000000fae00000,0x00000000fae00000,0x00000000fd500000)
 ParOldGen       total 151040K, used 111256K [0x0000000080000000, 0x0000000089380000, 0x00000000d5580000)
  object space 151040K, 73% used [0x0000000080000000,0x0000000086ca6040,0x0000000089380000)
 Metaspace       used 130855K, capacity 138518K, committed 138840K, reserved 1169408K
  class space    used 16917K, capacity 18488K, committed 18560K, reserved 1048576K
}

Deoptimization events (10 events):
Event: 4041.863 Thread 0x000000001d108000 Uncommon trap: reason=bimorphic action=maybe_recompile pc=0x0000000006edd85c method=com.android.tools.r8.s.b.s1.a(Lcom/android/tools/r8/s/a/p/u;)Lcom/android/tools/r8/s/b/s1; @ 23
Event: 4041.863 Thread 0x000000001d108000 Uncommon trap: reason=bimorphic action=maybe_recompile pc=0x0000000006edd85c method=com.android.tools.r8.s.b.s1.a(Lcom/android/tools/r8/s/a/p/u;)Lcom/android/tools/r8/s/b/s1; @ 23
Event: 4041.863 Thread 0x000000001d108000 Uncommon trap: reason=bimorphic action=maybe_recompile pc=0x0000000006ede574 method=com.android.tools.r8.s.b.s1.a(Lcom/android/tools/r8/s/a/p/u;)Lcom/android/tools/r8/s/b/s1; @ 23
Event: 4042.988 Thread 0x000000001d10c800 Uncommon trap: reason=bimorphic action=maybe_recompile pc=0x0000000006edea34 method=com.android.tools.r8.s.b.s1.a(Lcom/android/tools/r8/s/a/p/u;)Lcom/android/tools/r8/s/b/s1; @ 23
Event: 4043.663 Thread 0x000000001d10c800 Uncommon trap: reason=unstable_if action=reinterpret pc=0x0000000007109f80 method=com.android.tools.r8.ir.regalloc.b.g(I)Lcom/android/tools/r8/ir/regalloc/b; @ 132
Event: 4044.267 Thread 0x000000001d10c800 Uncommon trap: reason=unstable_if action=reinterpret pc=0x0000000007193c08 method=com.android.tools.r8.ir.regalloc.b.g(I)Lcom/android/tools/r8/ir/regalloc/b; @ 132
Event: 4044.411 Thread 0x000000001d10c800 Uncommon trap: reason=unstable_if action=reinterpret pc=0x0000000007101ac8 method=com.android.tools.r8.t.a.a.a.f.X$e.contains(Ljava/lang/Object;)Z @ 124
Event: 4046.610 Thread 0x000000001d10c800 Uncommon trap: reason=unstable_if action=reinterpret pc=0x000000000300ea40 method=java.util.HashMap.getNode(ILjava/lang/Object;)Ljava/util/HashMap$Node; @ 84
Event: 4047.484 Thread 0x000000001d108000 Uncommon trap: reason=unstable_if action=reinterpret pc=0x000000000719b338 method=com.android.tools.r8.s.b.U0.a(Lcom/android/tools/r8/ir/conversion/N;Ljava/util/Set;)Z @ 116
Event: 4048.037 Thread 0x000000001d108000 Uncommon trap: reason=unstable_if action=reinterpret pc=0x000000000705d278 method=com.android.tools.r8.s.b.q1.v()Lcom/android/tools/r8/s/b/q1; @ 6

Classes redefined (0 events):
No events

Internal exceptions (10 events):
Event: 4031.497 Thread 0x000000001d108000 Exception <a 'sun/nio/fs/WindowsException'> (0x00000000dacdfa00) thrown at [C:\src\AOSP-openjdk-git\hotspot\src\share\vm\prims\jni.cpp, line 710]
Event: 4031.520 Thread 0x000000001d108000 Exception <a 'sun/nio/fs/WindowsException'> (0x00000000dad0c958) thrown at [C:\src\AOSP-openjdk-git\hotspot\src\share\vm\prims\jni.cpp, line 710]
Event: 4031.524 Thread 0x000000001d10c800 Exception <a 'sun/nio/fs/WindowsException'> (0x00000000daf08ab0) thrown at [C:\src\AOSP-openjdk-git\hotspot\src\share\vm\prims\jni.cpp, line 710]
Event: 4031.544 Thread 0x000000001d10c000 Exception <a 'sun/nio/fs/WindowsException'> (0x00000000d63ea6c8) thrown at [C:\src\AOSP-openjdk-git\hotspot\src\share\vm\prims\jni.cpp, line 710]
Event: 4031.630 Thread 0x000000001d10c000 Exception <a 'sun/nio/fs/WindowsException'> (0x00000000db0cff00) thrown at [C:\src\AOSP-openjdk-git\hotspot\src\share\vm\prims\jni.cpp, line 710]
Event: 4033.376 Thread 0x000000001d10c800 Exception <a 'sun/nio/fs/WindowsException'> (0x00000000dc6771b8) thrown at [C:\src\AOSP-openjdk-git\hotspot\src\share\vm\prims\jni.cpp, line 710]
Event: 4033.588 Thread 0x000000001d108000 Exception <a 'sun/nio/fs/WindowsException'> (0x00000000dd2b6e68) thrown at [C:\src\AOSP-openjdk-git\hotspot\src\share\vm\prims\jni.cpp, line 710]
Event: 4035.489 Thread 0x000000001d10c800 Exception <a 'java/lang/IncompatibleClassChangeError': Found class java.lang.Object, but interface was expected> (0x00000000de4abcb0) thrown at [C:\src\AOSP-openjdk-git\hotspot\src\share\vm\interpreter\linkResolver.cpp, line 653]
Event: 4037.801 Thread 0x000000001d10c800 Exception <a 'java/lang/NoSuchMethodError': java.lang.Object.lambda$maxBy$1(Ljava/util/Comparator;Ljava/lang/Object;Ljava/lang/Object;)Ljava/lang/Object;> (0x00000000e22affa0) thrown at [C:\src\AOSP-openjdk-git\hotspot\src\share\vm\interpreter\linkResolve
Event: 4038.093 Thread 0x000000001d10c800 Exception <a 'java/lang/NoSuchMethodError': java.lang.Object.b(Lcom/android/tools/r8/graph/p1$b;)Lcom/android/tools/r8/graph/p1$b;> (0x00000000e2856ad0) thrown at [C:\src\AOSP-openjdk-git\hotspot\src\share\vm\interpreter\linkResolver.cpp, line 620]

Events (10 events):
Event: 4049.171 Thread 0x000000001d108000 DEOPT PACKING pc=0x0000000006f99d5c sp=0x000000005d365140
Event: 4049.171 Thread 0x000000001d108000 DEOPT UNPACKING pc=0x0000000002af71d0 sp=0x000000005d365190 mode 0
Event: 4049.326 Thread 0x000000001d10c800 DEOPT PACKING pc=0x0000000006b99665 sp=0x000000005dc69eb0
Event: 4049.326 Thread 0x000000001d10c800 DEOPT UNPACKING pc=0x0000000002af71d0 sp=0x000000005dc69c98 mode 0
Event: 4049.571 Thread 0x000000001d10c800 DEOPT PACKING pc=0x0000000006f9a0d2 sp=0x000000005dc69df0
Event: 4049.571 Thread 0x000000001d10c800 DEOPT UNPACKING pc=0x0000000002af71d0 sp=0x000000005dc69e48 mode 0
Event: 4050.055 Thread 0x000000001d10c800 DEOPT PACKING pc=0x0000000006f9a0d2 sp=0x000000005dc6a1c0
Event: 4050.055 Thread 0x000000001d10c800 DEOPT UNPACKING pc=0x0000000002af71d0 sp=0x000000005dc6a218 mode 0
Event: 4050.560 Thread 0x000000001d10c800 DEOPT PACKING pc=0x0000000006b99665 sp=0x000000005dc6a290
Event: 4050.560 Thread 0x000000001d10c800 DEOPT UNPACKING pc=0x0000000002af71d0 sp=0x000000005dc6a078 mode 0


Dynamic libraries:
0x00007ff6fd820000 - 0x00007ff6fd851000 	C:\Program Files\Android\Android Studio\jre\bin\java.exe
0x00007ffc3c560000 - 0x00007ffc3c74d000 	C:\Windows\SYSTEM32\ntdll.dll
0x00007ffc39790000 - 0x00007ffc39843000 	C:\Windows\System32\KERNEL32.DLL
0x00007ffc39260000 - 0x00007ffc394f3000 	C:\Windows\System32\KERNELBASE.dll
0x00007ffc3ac70000 - 0x00007ffc3ad13000 	C:\Windows\System32\ADVAPI32.dll
0x00007ffc3a140000 - 0x00007ffc3a1de000 	C:\Windows\System32\msvcrt.dll
0x00007ffc3aa30000 - 0x00007ffc3aace000 	C:\Windows\System32\sechost.dll
0x00007ffc398b0000 - 0x00007ffc399d2000 	C:\Windows\System32\RPCRT4.dll
0x00007ffc3c350000 - 0x00007ffc3c4e7000 	C:\Windows\System32\USER32.dll
0x00007ffc39770000 - 0x00007ffc39790000 	C:\Windows\System32\win32u.dll
0x00007ffc3c500000 - 0x00007ffc3c529000 	C:\Windows\System32\GDI32.dll
0x00007ffc39500000 - 0x00007ffc39699000 	C:\Windows\System32\gdi32full.dll
0x00007ffc38860000 - 0x00007ffc38900000 	C:\Windows\System32\msvcp_win.dll
0x00007ffc389b0000 - 0x00007ffc38aaa000 	C:\Windows\System32\ucrtbase.dll
0x00007ffc28b90000 - 0x00007ffc28e09000 	C:\Windows\WinSxS\amd64_microsoft.windows.common-controls_6595b64144ccf1df_6.0.17763.615_none_05b4414a072024d4\COMCTL32.dll
0x00007ffc3a380000 - 0x00007ffc3a6ac000 	C:\Windows\System32\combase.dll
0x00007ffc396f0000 - 0x00007ffc3976e000 	C:\Windows\System32\bcryptPrimitives.dll
0x00007ffc3a110000 - 0x00007ffc3a13e000 	C:\Windows\System32\IMM32.DLL
0x000000005e160000 - 0x000000005e232000 	C:\Program Files\Android\Android Studio\jre\jre\bin\msvcr100.dll
0x000000005e360000 - 0x000000005ebab000 	C:\Program Files\Android\Android Studio\jre\jre\bin\server\jvm.dll
0x00007ffc3c4f0000 - 0x00007ffc3c4f8000 	C:\Windows\System32\PSAPI.DLL
0x00007ffc365f0000 - 0x00007ffc36614000 	C:\Windows\SYSTEM32\WINMM.dll
0x00007ffc2e090000 - 0x00007ffc2e099000 	C:\Windows\SYSTEM32\WSOCK32.dll
0x00007ffc3c2e0000 - 0x00007ffc3c34d000 	C:\Windows\System32\WS2_32.dll
0x00007ffc365c0000 - 0x00007ffc365ed000 	C:\Windows\SYSTEM32\winmmbase.dll
0x00007ffc396a0000 - 0x00007ffc396ea000 	C:\Windows\System32\cfgmgr32.dll
0x00007ffc33d60000 - 0x00007ffc33d6a000 	C:\Windows\SYSTEM32\VERSION.dll
0x00007ffc2b0d0000 - 0x00007ffc2b0df000 	C:\Program Files\Android\Android Studio\jre\jre\bin\verify.dll
0x00007ffc2aee0000 - 0x00007ffc2af09000 	C:\Program Files\Android\Android Studio\jre\jre\bin\java.dll
0x00007ffc2aec0000 - 0x00007ffc2aed6000 	C:\Program Files\Android\Android Studio\jre\jre\bin\zip.dll
0x00007ffc3ad20000 - 0x00007ffc3c210000 	C:\Windows\System32\SHELL32.dll
0x00007ffc3a810000 - 0x00007ffc3a8b8000 	C:\Windows\System32\shcore.dll
0x00007ffc38ab0000 - 0x00007ffc391fa000 	C:\Windows\System32\windows.storage.dll
0x00007ffc385e0000 - 0x00007ffc38604000 	C:\Windows\System32\profapi.dll
0x00007ffc38580000 - 0x00007ffc385dd000 	C:\Windows\System32\powrprof.dll
0x00007ffc3a0b0000 - 0x00007ffc3a102000 	C:\Windows\System32\shlwapi.dll
0x00007ffc38560000 - 0x00007ffc38571000 	C:\Windows\System32\kernel.appcore.dll
0x00007ffc38660000 - 0x00007ffc38677000 	C:\Windows\System32\cryptsp.dll
0x00007ffc29f00000 - 0x00007ffc29f1a000 	C:\Program Files\Android\Android Studio\jre\jre\bin\net.dll
0x00007ffc37d70000 - 0x00007ffc37dd7000 	C:\Windows\system32\mswsock.dll
0x00007ffc29ee0000 - 0x00007ffc29ef3000 	C:\Program Files\Android\Android Studio\jre\jre\bin\nio.dll
0x00007ffc34e50000 - 0x00007ffc34e77000 	C:\Users\ELCOT\.gradle\native\f6784746aeab05261644944871eae4fe03e0ef1612fff0a4a95f87b438bc6780\windows-amd64\native-platform.dll
0x00007ffc2b0c0000 - 0x00007ffc2b0cd000 	C:\Program Files\Android\Android Studio\jre\jre\bin\management.dll
0x00007ffc37930000 - 0x00007ffc37963000 	C:\Windows\system32\rsaenh.dll
0x00007ffc38630000 - 0x00007ffc38656000 	C:\Windows\System32\bcrypt.dll
0x00007ffc38460000 - 0x00007ffc38488000 	C:\Windows\SYSTEM32\USERENV.dll
0x00007ffc37f40000 - 0x00007ffc37f4c000 	C:\Windows\SYSTEM32\CRYPTBASE.dll
0x00007ffc37ad0000 - 0x00007ffc37b0d000 	C:\Windows\SYSTEM32\IPHLPAPI.DLL
0x00007ffc3abe0000 - 0x00007ffc3abe8000 	C:\Windows\System32\NSI.dll
0x00007ffc2e520000 - 0x00007ffc2e536000 	C:\Windows\SYSTEM32\dhcpcsvc6.DLL
0x00007ffc2e610000 - 0x00007ffc2e62c000 	C:\Windows\SYSTEM32\dhcpcsvc.DLL
0x00007ffc37b20000 - 0x00007ffc37be6000 	C:\Windows\SYSTEM32\DNSAPI.dll
0x00007ffc2ee10000 - 0x00007ffc2ee1b000 	C:\Windows\SYSTEM32\WINNSI.DLL
0x00007ffc2ee80000 - 0x00007ffc2eea4000 	C:\Program Files\Android\Android Studio\jre\jre\bin\sunec.dll
0x00007ffc2a810000 - 0x00007ffc2a81a000 	C:\Windows\System32\rasadhlp.dll
0x00007ffc2b040000 - 0x00007ffc2b0b9000 	C:\Windows\System32\fwpuclnt.dll
0x00007ffc34eb0000 - 0x00007ffc34ebb000 	C:\Program Files\Android\Android Studio\jre\jre\bin\sunmscapi.dll
0x00007ffc38680000 - 0x00007ffc3885b000 	C:\Windows\System32\CRYPT32.dll
0x00007ffc38610000 - 0x00007ffc38622000 	C:\Windows\System32\MSASN1.dll
0x00007ffc37610000 - 0x00007ffc37641000 	C:\Windows\SYSTEM32\ntmarta.dll

VM Arguments:
jvm_args: -Xmx2048m -Dfile.encoding=UTF-8 -Duser.country=IN -Duser.language=en -Duser.variant 
java_command: org.gradle.launcher.daemon.bootstrap.GradleDaemon 6.5
java_class_path (initial): C:\Users\ELCOT\.gradle\wrapper\dists\gradle-6.5-bin\6nifqtx7604sqp1q6g8wikw7p\gradle-6.5\lib\gradle-launcher-6.5.jar
Launcher Type: SUN_STANDARD

Environment Variables:
PATH=%SystemRoot%\system32;%SystemRoot%;%SystemRoot%\System32\Wbem;%SYSTEMROOT%\System32\WindowsPowerShell\v1.0\;%SYSTEMROOT%\System32\OpenSSH\;C:\Program Files (x86)\QuickTime\QTSystem\;C:\Android;C:\Windows\System32;C:\Users\ELCOT\AppData\Local\Microsoft\WindowsApps;;C:\Users\ELCOT\AppData\Local\Programs\Microsoft VS Code\bin
USERNAME=ELCOT
OS=Windows_NT
PROCESSOR_IDENTIFIER=AMD64 Family 21 Model 112 Stepping 0, AuthenticAMD



---------------  S Y S T E M  ---------------

OS: Windows 10.0 , 64 bit Build 17763 (10.0.17763.475)

CPU:total 2 (initial active 2) (2 cores per cpu, 1 threads per core) family 21 model 112 stepping 0, cmov, cx8, fxsr, mmx, sse, sse2, sse3, ssse3, sse4.1, sse4.2, popcnt, avx, avx2, aes, clmul, mmxext, 3dnowpref, lzcnt, sse4a, tsc, tscinvbit, tscinv, bmi1

Memory: 4k page, physical 4029812k(417312k free), swap 6126964k(5660k free)

vm_info: OpenJDK 64-Bit Server VM (25.242-b01) for windows-amd64 JRE (1.8.0_242-release-1644-b01), built by "builder" with MS VC++ 10.0 (VS2010)

time: Wed Feb 17 22:59:21 2021
timezone: India Standard Time
elapsed time: 4053 seconds (0d 1h 7m 33s)

